<?xml version="1.0" encoding="UTF-8"?>
<testsuite xmlns:xsi="http://www.w3.org/2001/XMLSchema-instance" xsi:noNamespaceSchemaLocation="https://maven.apache.org/surefire/maven-surefire-plugin/xsd/surefire-test-report.xsd" name="com.IoT_CRUD.UpdatedServiceProxy.APIVerticleTest" time="1.729" tests="4" errors="0" skipped="0" failures="0">
  <properties>
[...]
</properties>
  <testcase name="testUpdateDevice{Vertx, VertxTestContext}" classname="com.IoT_CRUD.UpdatedServiceProxy.APIVerticleTest" time="1.593"/>
  <testcase name="testDeleteDevice{Vertx, VertxTestContext}" classname="com.IoT_CRUD.UpdatedServiceProxy.APIVerticleTest" time="0.044"/>
  <testcase name="testAddDevice{Vertx, VertxTestContext}" classname="com.IoT_CRUD.UpdatedServiceProxy.APIVerticleTest" time="0.041"/>
  <testcase name="testGetDevice{Vertx, VertxTestContext}" classname="com.IoT_CRUD.UpdatedServiceProxy.APIVerticleTest" time="0.046"/>
</testsuite>